<?xml version="1.0" encoding="UTF-8"?>
<!-- Generated by org.testng.reporters.JUnitXMLReporter -->
<testsuite hostname="Sanjeev" ignored="0" name="Simple Test" tests="2" failures="1" timestamp="12 Apr 2018 20:03:23 GMT" time="78.199" errors="0">
  <testcase name="testGoogle1ForChrome" time="43.025" classname="com.selenium.test.TestForGoogle"/>
  <testcase name="testGoogleForIE" time="33.587" classname="com.selenium.test.TestForGoogle">
    <failure type="junit.framework.ComparisonFailure" message="expected:&amp;lt;Google&amp;gt; but was:&amp;lt;WebDriver&amp;gt;">
      <![CDATA[junit.framework.ComparisonFailure: expected:<Google> but was:<WebDriver>
at junit.framework.Assert.assertEquals(Assert.java:81)
at junit.framework.Assert.assertEquals(Assert.java:87)
at com.selenium.test.TestForGoogle.testGoogleForIE(TestForGoogle.java:30)
... Removed 34 stack frames]]>
    </failure>
  </testcase> <!-- testGoogleForIE -->
</testsuite> <!-- Simple Test -->
